  Board.cpp
  FastStack.cpp
  Main.cpp
E:\All EXTRAS HERE\REPOS\VS REPOS\LessDeadChess\LessDeadChess\LessDeadChess\MoveGen.h(39,2): error C2365: 'None': redefinition; previous definition was 'enumerator'
E:\All EXTRAS HERE\REPOS\VS REPOS\LessDeadChess\LessDeadChess\LessDeadChess\Board.h(40): message : see declaration of 'None'
E:\All EXTRAS HERE\REPOS\VS REPOS\LessDeadChess\LessDeadChess\LessDeadChess\MoveGen.h(40,2): error C2365: 'CaptureFlag': redefinition; previous definition was 'enumerator'
E:\All EXTRAS HERE\REPOS\VS REPOS\LessDeadChess\LessDeadChess\LessDeadChess\MoveGen.h(19): message : see declaration of 'CaptureFlag'
E:\All EXTRAS HERE\REPOS\VS REPOS\LessDeadChess\LessDeadChess\LessDeadChess\MoveGen.h(56,2): error C2365: 'None': redefinition; previous definition was 'enumerator'
E:\All EXTRAS HERE\REPOS\VS REPOS\LessDeadChess\LessDeadChess\LessDeadChess\Board.h(40): message : see declaration of 'None'
  MoveGen.cpp
E:\All EXTRAS HERE\REPOS\VS REPOS\LessDeadChess\LessDeadChess\LessDeadChess\MoveGen.h(39,2): error C2365: 'None': redefinition; previous definition was 'enumerator'
E:\All EXTRAS HERE\REPOS\VS REPOS\LessDeadChess\LessDeadChess\LessDeadChess\Board.h(40): message : see declaration of 'None'
E:\All EXTRAS HERE\REPOS\VS REPOS\LessDeadChess\LessDeadChess\LessDeadChess\MoveGen.h(40,2): error C2365: 'CaptureFlag': redefinition; previous definition was 'enumerator'
E:\All EXTRAS HERE\REPOS\VS REPOS\LessDeadChess\LessDeadChess\LessDeadChess\MoveGen.h(19): message : see declaration of 'CaptureFlag'
E:\All EXTRAS HERE\REPOS\VS REPOS\LessDeadChess\LessDeadChess\LessDeadChess\MoveGen.h(56,2): error C2365: 'None': redefinition; previous definition was 'enumerator'
E:\All EXTRAS HERE\REPOS\VS REPOS\LessDeadChess\LessDeadChess\LessDeadChess\Board.h(40): message : see declaration of 'None'
E:\All EXTRAS HERE\REPOS\VS REPOS\LessDeadChess\LessDeadChess\LessDeadChess\MoveGen.cpp(29,16): error C2440: 'return': cannot convert from 'bool' to 'NextMoveIterationResult'
E:\All EXTRAS HERE\REPOS\VS REPOS\LessDeadChess\LessDeadChess\LessDeadChess\MoveGen.cpp(29,16): message : No constructor could take the source type, or constructor overload resolution was ambiguous
E:\All EXTRAS HERE\REPOS\VS REPOS\LessDeadChess\LessDeadChess\LessDeadChess\MoveGen.cpp(37,17): error C2440: 'return': cannot convert from 'bool' to 'NextMoveIterationResult'
E:\All EXTRAS HERE\REPOS\VS REPOS\LessDeadChess\LessDeadChess\LessDeadChess\MoveGen.cpp(37,17): message : No constructor could take the source type, or constructor overload resolution was ambiguous
E:\All EXTRAS HERE\REPOS\VS REPOS\LessDeadChess\LessDeadChess\LessDeadChess\MoveGen.cpp(45,13): error C2440: 'return': cannot convert from 'bool' to 'NextMoveIterationResult'
E:\All EXTRAS HERE\REPOS\VS REPOS\LessDeadChess\LessDeadChess\LessDeadChess\MoveGen.cpp(45,13): message : No constructor could take the source type, or constructor overload resolution was ambiguous
E:\All EXTRAS HERE\REPOS\VS REPOS\LessDeadChess\LessDeadChess\LessDeadChess\MoveGen.cpp(70,67): warning C4267: '=': conversion from 'size_t' to 'BYTE', possible loss of data
  Generating Code...
